<?xml version="1.0" encoding="UTF-8"?>
<testng-results skipped="0" failed="0" ignored="0" total="1" passed="1">
  <reporter-output>
  </reporter-output>
  <suite name="Default suite" duration-ms="14866" started-at="2019-01-28T04:53:35Z" finished-at="2019-01-28T04:53:50Z">
    <groups>
    </groups>
    <test name="Default test" duration-ms="14866" started-at="2019-01-28T04:53:35Z" finished-at="2019-01-28T04:53:50Z">
      <class name="org.naic.mfl.se.challenge.tests.WebTest">
        <test-method status="PASS" signature="setUp()[pri:0, instance:org.naic.mfl.se.challenge.tests.WebTest@482f8f11]" name="setUp" is-config="true" duration-ms="4633" started-at="2019-01-27T22:53:35Z" finished-at="2019-01-27T22:53:40Z">
          <reporter-output>
          </reporter-output>
        </test-method> <!-- setUp -->
        <test-method status="PASS" signature="checkoutTest()[pri:0, instance:org.naic.mfl.se.challenge.tests.WebTest@482f8f11]" name="checkoutTest" duration-ms="10220" started-at="2019-01-27T22:53:40Z" finished-at="2019-01-27T22:53:50Z">
          <reporter-output>
          </reporter-output>
        </test-method> <!-- checkoutTest -->
      </class> <!-- org.naic.mfl.se.challenge.tests.WebTest -->
    </test> <!-- Default test -->
  </suite> <!-- Default suite -->
</testng-results>
